this is p1-1 --------------------
Generating 4800000 numbers to be sorted on 1 processors
sum=115149455749333.781250, sorted=1
total time: 2.176641, parallel time: 1.978369
The sorted data array from 1.000002 to 47999992.000000
this is p1-2 --------------------
Generating 4800000 numbers to be sorted on 2 processors
sum=115149455749333.781250, sorted=1
total time: 2.276802, parallel time: 0.971285
The sorted data array from 1.000002 to 47999992.000000
this is p1-3 --------------------
Generating 4800000 numbers to be sorted on 3 processors
sum=115149455749333.781250, sorted=1
total time: 1.935578, parallel time: 0.658758
The sorted data array from 1.000002 to 47999992.000000
this is p1-4 --------------------
Generating 4800000 numbers to be sorted on 4 processors
sum=115149455749333.781250, sorted=1
total time: 1.704753, parallel time: 0.490082
The sorted data array from 1.000002 to 47999992.000000
this is p1-5 --------------------
Generating 4800000 numbers to be sorted on 5 processors
sum=115149455749333.781250, sorted=1
total time: 1.776936, parallel time: 0.488074
The sorted data array from 1.000002 to 47999992.000000
this is p1-6 --------------------
Generating 4800000 numbers to be sorted on 6 processors
sum=115149455749333.781250, sorted=1
total time: 1.552527, parallel time: 0.320571
The sorted data array from 1.000002 to 47999992.000000
this is p1-7 --------------------
Generating 4800000 numbers to be sorted on 7 processors
sum=115149455749333.781250, sorted=0
this is p1-8 --------------------
Generating 4800000 numbers to be sorted on 8 processors
sum=115149455749333.781250, sorted=1
total time: 1.506450, parallel time: 0.270834
The sorted data array from 1.000002 to 47999992.000000
this is p2-1 --------------------
Generating 4800000 numbers to be sorted on 2 processors
sum=115149455749333.781250, sorted=1
total time: 2.241624, parallel time: 0.975696
The sorted data array from 1.000002 to 47999992.000000
this is p2-2 --------------------
Generating 4800000 numbers to be sorted on 4 processors
sum=115149455749333.781250, sorted=1
total time: 1.896769, parallel time: 0.470524
The sorted data array from 1.000002 to 47999992.000000
this is p2-3 --------------------
Generating 4800000 numbers to be sorted on 6 processors
sum=115149455749333.781250, sorted=1
total time: 1.761408, parallel time: 0.311026
The sorted data array from 1.000002 to 47999992.000000
this is p2-4 --------------------
Generating 4800000 numbers to be sorted on 8 processors
sum=115149455749333.781250, sorted=1
total time: 1.729753, parallel time: 0.234867
The sorted data array from 1.000002 to 47999992.000000
this is p2-5 --------------------
Generating 4800000 numbers to be sorted on 10 processors
sum=115149455749333.781250, sorted=1
total time: 1.596423, parallel time: 0.189010
The sorted data array from 1.000002 to 47999992.000000
this is p2-6 --------------------
Generating 4800000 numbers to be sorted on 12 processors
sum=115149455749333.781250, sorted=1
total time: 1.739674, parallel time: 0.159130
The sorted data array from 1.000002 to 47999992.000000
this is p2-7 --------------------
Generating 4800000 numbers to be sorted on 14 processors
sum=115149455749333.781250, sorted=0
this is p2-8 --------------------
Generating 4800000 numbers to be sorted on 16 processors
sum=115149455749333.781250, sorted=1
total time: 1.658244, parallel time: 0.123601
The sorted data array from 1.000002 to 47999992.000000
this is p3-1 --------------------
Generating 4800000 numbers to be sorted on 3 processors
sum=115149455749333.781250, sorted=1
total time: 1.961493, parallel time: 0.617936
The sorted data array from 1.000002 to 47999992.000000
this is p3-2 --------------------
Generating 4800000 numbers to be sorted on 6 processors
sum=115149455749333.781250, sorted=1
total time: 1.882589, parallel time: 0.306519
The sorted data array from 1.000002 to 47999992.000000
this is p3-3 --------------------
Generating 4800000 numbers to be sorted on 9 processors
sum=115149455749333.781250, sorted=0
this is p3-4 --------------------
Generating 4800000 numbers to be sorted on 12 processors
sum=115149455749333.781250, sorted=1
total time: 1.798919, parallel time: 0.159523
The sorted data array from 1.000002 to 47999992.000000
this is p3-5 --------------------
Generating 4800000 numbers to be sorted on 15 processors
sum=115149455749333.781250, sorted=1
total time: 1.699138, parallel time: 0.143798
The sorted data array from 1.000002 to 47999992.000000
this is p3-6 --------------------
Generating 4800000 numbers to be sorted on 18 processors
sum=115149455749333.781250, sorted=0
this is p3-7 --------------------
Generating 4800000 numbers to be sorted on 21 processors
sum=115149455749333.781250, sorted=0
this is p3-8 --------------------
Generating 4800000 numbers to be sorted on 24 processors
sum=115149455749333.781250, sorted=1
total time: 1.650509, parallel time: 0.087671
The sorted data array from 1.000002 to 47999992.000000
this is p4-1 --------------------
Generating 4800000 numbers to be sorted on 4 processors
sum=115149455749333.781250, sorted=1
total time: 1.980197, parallel time: 0.461909
The sorted data array from 1.000002 to 47999992.000000
this is p4-2 --------------------
Generating 4800000 numbers to be sorted on 8 processors
sum=115149455749333.781250, sorted=1
total time: 1.805540, parallel time: 0.233865
The sorted data array from 1.000002 to 47999992.000000
this is p4-3 --------------------
Generating 4800000 numbers to be sorted on 12 processors
sum=115149455749333.781250, sorted=1
total time: 1.775083, parallel time: 0.159678
The sorted data array from 1.000002 to 47999992.000000
this is p4-4 --------------------
Generating 4800000 numbers to be sorted on 16 processors
sum=115149455749333.781250, sorted=1
total time: 1.779609, parallel time: 0.125213
The sorted data array from 1.000002 to 47999992.000000
this is p4-5 --------------------
Generating 4800000 numbers to be sorted on 20 processors
sum=115149455749333.781250, sorted=1
total time: 1.819712, parallel time: 0.106411
The sorted data array from 1.000002 to 47999992.000000
this is p4-6 --------------------
Generating 4800000 numbers to be sorted on 24 processors
sum=115149455749333.781250, sorted=1
total time: 1.677133, parallel time: 0.088093
The sorted data array from 1.000002 to 47999992.000000
this is p4-7 --------------------
Generating 4800000 numbers to be sorted on 28 processors
sum=115149455749333.781250, sorted=0
this is p4-8 --------------------
Generating 4800000 numbers to be sorted on 32 processors
sum=115149455749333.781250, sorted=1
total time: 1.727119, parallel time: 0.071221
The sorted data array from 1.000002 to 47999992.000000
this is p5-1 --------------------
Generating 4800000 numbers to be sorted on 5 processors
sum=115149455749333.781250, sorted=1
total time: 1.659393, parallel time: 0.433025
The sorted data array from 1.000002 to 47999992.000000
this is p5-2 --------------------
Generating 4800000 numbers to be sorted on 10 processors
sum=115149455749333.781250, sorted=1
total time: 1.870584, parallel time: 0.189425
The sorted data array from 1.000002 to 47999992.000000
this is p5-3 --------------------
Generating 4800000 numbers to be sorted on 15 processors
sum=115149455749333.781250, sorted=1
total time: 1.852953, parallel time: 0.132642
The sorted data array from 1.000002 to 47999992.000000
this is p5-4 --------------------
Generating 4800000 numbers to be sorted on 20 processors
sum=115149455749333.781250, sorted=1
total time: 1.683618, parallel time: 0.102475
The sorted data array from 1.000002 to 47999992.000000
this is p5-5 --------------------
Generating 4800000 numbers to be sorted on 25 processors
sum=115149455749333.781250, sorted=1
total time: 1.695635, parallel time: 0.085112
The sorted data array from 1.000002 to 47999992.000000
this is p5-6 --------------------
Generating 4800000 numbers to be sorted on 30 processors
sum=115149455749333.781250, sorted=1
total time: 1.732690, parallel time: 0.074587
The sorted data array from 1.000002 to 47999992.000000
this is p5-7 --------------------
Generating 4800000 numbers to be sorted on 35 processors
sum=115149455749333.781250, sorted=0
this is p5-8 --------------------
Generating 4800000 numbers to be sorted on 40 processors
sum=115149455749333.781250, sorted=1
total time: 1.766429, parallel time: 0.060445
The sorted data array from 1.000002 to 47999992.000000
