this is p1-1 --------------------
Generating 3200000 numbers to be sorted on 1 processors
sum=51165957267811.203125, sorted=1
total time: 1.442760, parallel time: 1.281561
The sorted data array from 1.000001 to 31999994.000000
this is p1-2 --------------------
Generating 3200000 numbers to be sorted on 2 processors
sum=51165957267811.203125, sorted=1
total time: 1.839599, parallel time: 0.676062
The sorted data array from 1.000001 to 31999994.000000
this is p1-3 --------------------
Generating 3200000 numbers to be sorted on 3 processors
sum=51165957267811.203125, sorted=0
this is p1-4 --------------------
Generating 3200000 numbers to be sorted on 4 processors
sum=51165957267811.203125, sorted=1
total time: 1.470855, parallel time: 0.318013
The sorted data array from 1.000001 to 31999994.000000
this is p1-5 --------------------
Generating 3200000 numbers to be sorted on 5 processors
sum=51165957267811.203125, sorted=1
total time: 1.481916, parallel time: 0.321008
The sorted data array from 1.000001 to 31999994.000000
this is p1-6 --------------------
Generating 3200000 numbers to be sorted on 6 processors
sum=51165957267811.203125, sorted=0
this is p1-7 --------------------
Generating 3200000 numbers to be sorted on 7 processors
sum=51165957267811.203125, sorted=0
this is p1-8 --------------------
Generating 3200000 numbers to be sorted on 8 processors
sum=51165957267811.203125, sorted=1
total time: 1.337455, parallel time: 0.174266
The sorted data array from 1.000001 to 31999994.000000
this is p2-1 --------------------
Generating 3200000 numbers to be sorted on 2 processors
sum=51165957267811.203125, sorted=1
total time: 1.940295, parallel time: 0.685088
The sorted data array from 1.000001 to 31999994.000000
this is p2-2 --------------------
Generating 3200000 numbers to be sorted on 4 processors
sum=51165957267811.203125, sorted=1
total time: 1.591963, parallel time: 0.299837
The sorted data array from 1.000001 to 31999994.000000
this is p2-3 --------------------
Generating 3200000 numbers to be sorted on 6 processors
sum=51165957267811.203125, sorted=0
this is p2-4 --------------------
Generating 3200000 numbers to be sorted on 8 processors
sum=51165957267811.203125, sorted=1
total time: 1.494496, parallel time: 0.152191
The sorted data array from 1.000001 to 31999994.000000
this is p2-5 --------------------
Generating 3200000 numbers to be sorted on 10 processors
sum=51165957267811.203125, sorted=1
total time: 1.493479, parallel time: 0.123273
The sorted data array from 1.000001 to 31999994.000000
this is p2-6 --------------------
Generating 3200000 numbers to be sorted on 12 processors
sum=51165957267811.203125, sorted=0
this is p2-7 --------------------
Generating 3200000 numbers to be sorted on 14 processors
sum=51165957267811.203125, sorted=0
this is p2-8 --------------------
Generating 3200000 numbers to be sorted on 16 processors
sum=51165957267811.203125, sorted=1
total time: 1.399407, parallel time: 0.080264
The sorted data array from 1.000001 to 31999994.000000
this is p3-1 --------------------
Generating 3200000 numbers to be sorted on 3 processors
sum=51165957267811.203125, sorted=0
this is p3-2 --------------------
Generating 3200000 numbers to be sorted on 6 processors
sum=51165957267811.203125, sorted=0
this is p3-3 --------------------
Generating 3200000 numbers to be sorted on 9 processors
sum=51165957267811.203125, sorted=0
this is p3-4 --------------------
Generating 3200000 numbers to be sorted on 12 processors
sum=51165957267811.203125, sorted=0
this is p3-5 --------------------
Generating 3200000 numbers to be sorted on 15 processors
sum=51165957267811.203125, sorted=0
this is p3-6 --------------------
Generating 3200000 numbers to be sorted on 18 processors
[compute-0-4:22700] *** Process received signal ***
[compute-0-4:22700] Signal: Segmentation fault (11)
[compute-0-4:22700] Signal code: Address not mapped (1)
[compute-0-4:22700] Failing at address: 0x2b5cedcc0000
[compute-0-4:22700] [ 0] /lib64/libpthread.so.0() [0x3b20c0f710]
[compute-0-4:22700] [ 1] /home/s19026416/parall/assignments/second/sort(main+0x24c) [0x4094ba]
[compute-0-4:22700] [ 2] /lib64/libc.so.6(__libc_start_main+0xfd) [0x3b2041ed5d]
[compute-0-4:22700] [ 3] /home/s19026416/parall/assignments/second/sort() [0x4090a9]
[compute-0-4:22700] *** End of error message ***
[compute-0-4:22702] *** Process received signal ***
[compute-0-4:22702] Signal: Segmentation fault (11)
[compute-0-4:22702] Signal code: Address not mapped (1)
[compute-0-4:22702] Failing at address: 0x2af8e9d28000
[compute-0-4:22702] [ 0] /lib64/libpthread.so.0() [0x3b20c0f710]
[compute-0-4:22702] [ 1] /home/s19026416/parall/assignments/second/sort(main+0x24c) [0x4094ba]
[compute-0-4:22702] [ 2] /lib64/libc.so.6(__libc_start_main+0xfd) [0x3b2041ed5d]
[compute-0-4:22702] [ 3] /home/s19026416/parall/assignments/second/sort() [0x4090a9]
[compute-0-4:22702] *** End of error message ***
--------------------------------------------------------------------------
mpiexec noticed that process rank 3 with PID 22700 on node compute-0-4.local exited on signal 11 (Segmentation fault).
--------------------------------------------------------------------------
[compute-0-3.local][[20898,1],9][btl_tcp_endpoint.c:455:mca_btl_tcp_endpoint_recv_blocking] recv(10) failed: Connection reset by peer (104)
this is p3-7 --------------------
Generating 3200000 numbers to be sorted on 21 processors
[compute-0-4:22765] *** Process received signal ***
[compute-0-4:22765] Signal: Segmentation fault (11)
[compute-0-4:22765] Signal code: Address not mapped (1)
[compute-0-4:22765] Failing at address: 0x2b7a5dea8000
[compute-0-4:22765] [ 0] /lib64/libpthread.so.0() [0x3b20c0f710]
[compute-0-4:22765] [ 1] /home/s19026416/parall/assignments/second/sort(main+0x24c) [0x4094ba]
[compute-0-4:22765] [ 2] /lib64/libc.so.6(__libc_start_main+0xfd) [0x3b2041ed5d]
[compute-0-4:22765] [ 3] /home/s19026416/parall/assignments/second/sort() [0x4090a9]
[compute-0-4:22765] *** End of error message ***
[compute-0-4:22767] *** Process received signal ***
[compute-0-4:22767] Signal: Segmentation fault (11)
[compute-0-4:22767] Signal code: Address not mapped (1)
[compute-0-4:22767] Failing at address: 0x2af5800ef000
[compute-0-4:22767] [ 0] /lib64/libpthread.so.0() [0x3b20c0f710]
[compute-0-4:22767] [ 1] /home/s19026416/parall/assignments/second/sort(main+0x24c) [0x4094ba]
[compute-0-4:22767] [ 2] /lib64/libc.so.6(__libc_start_main+0xfd) [0x3b2041ed5d]
[compute-0-4:22767] [ 3] /home/s19026416/parall/assignments/second/sort() [0x4090a9]
[compute-0-4:22767] *** End of error message ***
--------------------------------------------------------------------------
mpiexec noticed that process rank 4 with PID 22765 on node compute-0-4.local exited on signal 11 (Segmentation fault).
--------------------------------------------------------------------------
[compute-0-3.local][[20938,1],11][btl_tcp_endpoint.c:455:mca_btl_tcp_endpoint_recv_blocking] recv(10) failed: Connection reset by peer (104)
[compute-0-3.local][[20938,1],11][btl_tcp_frag.c:215:mca_btl_tcp_frag_recv] mca_btl_tcp_frag_recv: readv failed: Connection reset by peer (104)
this is p3-8 --------------------
Generating 3200000 numbers to be sorted on 24 processors
sum=51165957267811.203125, sorted=0
this is p4-1 --------------------
Generating 3200000 numbers to be sorted on 4 processors
sum=51165957267811.203125, sorted=1
total time: 1.708438, parallel time: 0.305730
The sorted data array from 1.000001 to 31999994.000000
this is p4-2 --------------------
Generating 3200000 numbers to be sorted on 8 processors
sum=51165957267811.203125, sorted=1
total time: 1.575249, parallel time: 0.151135
The sorted data array from 1.000001 to 31999994.000000
this is p4-3 --------------------
Generating 3200000 numbers to be sorted on 12 processors
sum=51165957267811.203125, sorted=0
this is p4-4 --------------------
Generating 3200000 numbers to be sorted on 16 processors
sum=51165957267811.203125, sorted=1
total time: 1.542628, parallel time: 0.081391
The sorted data array from 1.000001 to 31999994.000000
this is p4-5 --------------------
Generating 3200000 numbers to be sorted on 20 processors
sum=51165957267811.203125, sorted=1
total time: 1.595625, parallel time: 0.067077
The sorted data array from 1.000001 to 31999994.000000
this is p4-6 --------------------
Generating 3200000 numbers to be sorted on 24 processors
sum=51165957267811.203125, sorted=0
this is p4-7 --------------------
Generating 3200000 numbers to be sorted on 28 processors
[compute-0-3:28815] *** Process received signal ***
[compute-0-3:28815] Signal: Segmentation fault (11)
[compute-0-3:28815] Signal code: Address not mapped (1)
[compute-0-3:28815] Failing at address: 0x2b59e1bc5000
[compute-0-4:23170] *** Process received signal ***
[compute-0-4:23170] Signal: Segmentation fault (11)
[compute-0-4:23170] Signal code: Address not mapped (1)
[compute-0-4:23170] Failing at address: 0x2b4d4a193000
[compute-0-4:23173] *** Process received signal ***
[compute-0-4:23173] Signal: Segmentation fault (11)
[compute-0-4:23173] Signal code: Address not mapped (1)
[compute-0-4:23173] Failing at address: 0x2ba9245f7000
[compute-0-3:28815] [ 0] /lib64/libpthread.so.0() [0x305760f710]
[compute-0-3:28815] [ 1] /home/s19026416/parall/assignments/second/sort(main+0x24c) [0x4094ba]
[compute-0-4:23170] [ 0] /lib64/libpthread.so.0() [0x3b20c0f710]
[compute-0-4:23173] [ 0] /lib64/libpthread.so.0() [0x3b20c0f710]
[compute-0-4:23173] [ 1] /home/s19026416/parall/assignments/second/sort(main+0x24c) [0x4094ba]
[compute-0-4:23173] [ 2] /lib64/libc.so.6(__libc_start_main+0xfd) [0x3b2041ed5d]
[compute-0-4:23173] [ 3] /home/s19026416/parall/assignments/second/sort() [0x4090a9]
[compute-0-4:23173] *** End of error message ***
[compute-0-3:28815] [ 2] /lib64/libc.so.6(__libc_start_main+0xfd) [0x3056e1ed5d]
[compute-0-3:28815] [ 3] /home/s19026416/parall/assignments/second/sort() [0x4090a9]
[compute-0-3:28815] *** End of error message ***
[compute-0-4:23170] [ 1] /home/s19026416/parall/assignments/second/sort(main+0x24c) [0x4094ba]
[compute-0-4:23170] [ 2] /lib64/libc.so.6(__libc_start_main+0xfd) [0x3b2041ed5d]
[compute-0-4:23170] [ 3] /home/s19026416/parall/assignments/second/sort() [0x4090a9]
[compute-0-4:23170] *** End of error message ***
[compute-0-4:23171] *** Process received signal ***
[compute-0-4:23171] Signal: Segmentation fault (11)
[compute-0-4:23171] Signal code: Address not mapped (1)
[compute-0-4:23171] Failing at address: 0x2aca357d9000
[compute-0-4:23171] [ 0] /lib64/libpthread.so.0() [0x3b20c0f710]
[compute-0-4:23171] [ 1] /home/s19026416/parall/assignments/second/sort(main+0x24c) [0x4094ba]
[compute-0-4:23171] [ 2] /lib64/libc.so.6(__libc_start_main+0xfd) [0x3b2041ed5d]
[compute-0-4:23171] [ 3] /home/s19026416/parall/assignments/second/sort() [0x4090a9]
[compute-0-4:23171] *** End of error message ***
[compute-0-4:23172] *** Process received signal ***
[compute-0-4:23172] Signal: Segmentation fault (11)
[compute-0-4:23172] Signal code: Address not mapped (1)
[compute-0-4:23172] Failing at address: 0x2b992eaf1000
[compute-0-4:23172] [ 0] /lib64/libpthread.so.0() [0x3b20c0f710]
[compute-0-4:23172] [ 1] /home/s19026416/parall/assignments/second/sort(main+0x24c) [0x4094ba]
[compute-0-4:23172] [ 2] /lib64/libc.so.6(__libc_start_main+0xfd) [0x3b2041ed5d]
[compute-0-4:23172] [ 3] /home/s19026416/parall/assignments/second/sort() [0x4090a9]
[compute-0-4:23172] *** End of error message ***
[compute-0-4:23174] *** Process received signal ***
[compute-0-4:23174] Signal: Segmentation fault (11)
[compute-0-4:23174] Signal code: Address not mapped (1)
[compute-0-4:23174] Failing at address: 0x2b138fa28000
[compute-0-4:23174] [ 0] /lib64/libpthread.so.0() [0x3b20c0f710]
[compute-0-4:23174] [ 1] /home/s19026416/parall/assignments/second/sort(main+0x24c) [0x4094ba]
[compute-0-4:23174] [ 2] /lib64/libc.so.6(__libc_start_main+0xfd) [0x3b2041ed5d]
[compute-0-4:23174] [ 3] /home/s19026416/parall/assignments/second/sort() [0x4090a9]
[compute-0-4:23174] *** End of error message ***
[compute-0-4:23175] *** Process received signal ***
[compute-0-4:23175] Signal: Segmentation fault (11)
[compute-0-4:23175] Signal code: Address not mapped (1)
[compute-0-4:23175] Failing at address: 0x2b4c10902000
[compute-0-4:23175] [ 0] /lib64/libpthread.so.0() [0x3b20c0f710]
[compute-0-4:23175] [ 1] /home/s19026416/parall/assignments/second/sort(main+0x24c) [0x4094ba]
[compute-0-4:23175] [ 2] /lib64/libc.so.6(__libc_start_main+0xfd) [0x3b2041ed5d]
[compute-0-4:23175] [ 3] /home/s19026416/parall/assignments/second/sort() [0x4090a9]
[compute-0-4:23175] *** End of error message ***
--------------------------------------------------------------------------
mpiexec noticed that process rank 7 with PID 28815 on node compute-0-3 exited on signal 11 (Segmentation fault).
--------------------------------------------------------------------------
[compute-0-3:28816] *** Process received signal ***
2 total processes killed (some possibly by mpiexec during cleanup)
this is p4-8 --------------------
Generating 3200000 numbers to be sorted on 32 processors
sum=51165957267811.203125, sorted=1
total time: 1.507150, parallel time: 0.046804
The sorted data array from 1.000001 to 31999994.000000
this is p5-1 --------------------
Generating 3200000 numbers to be sorted on 5 processors
sum=51165957267811.203125, sorted=1
total time: 1.423657, parallel time: 0.263633
The sorted data array from 1.000001 to 31999994.000000
this is p5-2 --------------------
Generating 3200000 numbers to be sorted on 10 processors
sum=51165957267811.203125, sorted=1
total time: 1.482115, parallel time: 0.122883
The sorted data array from 1.000001 to 31999994.000000
this is p5-3 --------------------
Generating 3200000 numbers to be sorted on 15 processors
sum=51165957267811.203125, sorted=0
this is p5-4 --------------------
Generating 3200000 numbers to be sorted on 20 processors
sum=51165957267811.203125, sorted=1
total time: 1.479126, parallel time: 0.066644
The sorted data array from 1.000001 to 31999994.000000
this is p5-5 --------------------
Generating 3200000 numbers to be sorted on 25 processors
sum=51165957267811.203125, sorted=1
total time: 1.485105, parallel time: 0.055886
The sorted data array from 1.000001 to 31999994.000000
this is p5-6 --------------------
Generating 3200000 numbers to be sorted on 30 processors
[compute-0-4:23415] *** Process received signal ***
[compute-0-4:23415] Signal: Segmentation fault (11)
[compute-0-4:23415] Signal code: Address not mapped (1)
[compute-0-4:23415] Failing at address: 0x2ada5388a000
[compute-0-4:23415] [ 0] /lib64/libpthread.so.0() [0x3b20c0f710]
[compute-0-4:23415] [ 1] /home/s19026416/parall/assignments/second/sort(main+0x24c) [0x4094ba]
[compute-0-4:23415] [ 2] /lib64/libc.so.6(__libc_start_main+0xfd) [0x3b2041ed5d]
[compute-0-4:23415] [ 3] /home/s19026416/parall/assignments/second/sort() [0x4090a9]
[compute-0-4:23415] *** End of error message ***
[compute-0-4:23416] *** Process received signal ***
[compute-0-4:23416] Signal: Segmentation fault (11)
[compute-0-4:23416] Signal code: Address not mapped (1)
[compute-0-4:23416] Failing at address: 0x2adfaa30a000
[compute-0-4:23416] [ 0] /lib64/libpthread.so.0() [0x3b20c0f710]
[compute-0-4:23416] [ 1] /home/s19026416/parall/assignments/second/sort(main+0x24c) [0x4094ba]
[compute-0-4:23416] [ 2] /lib64/libc.so.6(__libc_start_main+0xfd) [0x3b2041ed5d]
[compute-0-4:23416] [ 3] /home/s19026416/parall/assignments/second/sort() [0x4090a9]
[compute-0-4:23416] *** End of error message ***
--------------------------------------------------------------------------
mpiexec noticed that process rank 1 with PID 23415 on node compute-0-4.local exited on signal 11 (Segmentation fault).
--------------------------------------------------------------------------
[compute-0-3.local][[21057,1],10][btl_tcp_frag.c:215:mca_btl_tcp_frag_recv] mca_btl_tcp_frag_recv: readv failed: Connection reset by peer (104)
this is p5-7 --------------------
Generating 3200000 numbers to be sorted on 35 processors
[compute-0-4:23481] *** Process received signal ***
[compute-0-4:23481] Signal: Segmentation fault (11)
[compute-0-4:23481] Signal code: Address not mapped (1)
[compute-0-4:23481] Failing at address: 0x2b6533819000
[compute-0-3:29031] *** Process received signal ***
[compute-0-3:29031] Signal: Segmentation fault (11)
[compute-0-3:29031] Signal code: Address not mapped (1)
[compute-0-3:29031] Failing at address: 0x2ac0e2a73000
[compute-0-4:23481] [ 0] /lib64/libpthread.so.0() [0x3b20c0f710]
[compute-0-4:23481] [ 1] /home/s19026416/parall/assignments/second/sort(main+0x24c) [0x4094ba]
[compute-0-4:23481] [ 2] /lib64/libc.so.6(__libc_start_main+0xfd) [0x3b2041ed5d]
[compute-0-4:23481] [ 3] /home/s19026416/parall/assignments/second/sort() [0x4090a9]
[compute-0-4:23481] *** End of error message ***
[compute-0-3:29031] [ 0] /lib64/libpthread.so.0() [0x305760f710]
[compute-0-3:29031] [ 1] /home/s19026416/parall/assignments/second/sort(main+0x24c) [0x4094ba]
[compute-0-3:29031] [ 2] /lib64/libc.so.6(__libc_start_main+0xfd) [0x3056e1ed5d]
[compute-0-3:29031] [ 3] /home/s19026416/parall/assignments/second/sort() [0x4090a9]
[compute-0-3:29031] *** End of error message ***
[compute-0-4:23477] *** Process received signal ***
[compute-0-4:23477] Signal: Segmentation fault (11)
[compute-0-4:23477] Signal code: Address not mapped (1)
[compute-0-4:23477] Failing at address: 0x2af2c36da000
[compute-0-4:23478] *** Process received signal ***
[compute-0-4:23478] Signal: Segmentation fault (11)
[compute-0-4:23478] Signal code: Address not mapped (1)
[compute-0-4:23478] Failing at address: 0x2b6b93a65000
[compute-0-4:23478] [ 0] /lib64/libpthread.so.0() [0x3b20c0f710]
[compute-0-4:23478] [ 1] /home/s19026416/parall/assignments/second/sort(main+0x24c) [0x4094ba]
[compute-0-4:23478] [ 2] /lib64/libc.so.6(__libc_start_main+0xfd) [0x3b2041ed5d]
[compute-0-4:23478] [ 3] /home/s19026416/parall/assignments/second/sort() [0x4090a9]
[compute-0-4:23478] *** End of error message ***
[compute-0-4:23477] [ 0] /lib64/libpthread.so.0() [0x3b20c0f710]
[compute-0-4:23477] [ 1] /home/s19026416/parall/assignments/second/sort(main+0x24c) [0x4094ba]
[compute-0-4:23477] [ 2] /lib64/libc.so.6(__libc_start_main+0xfd) [0x3b2041ed5d]
[compute-0-4:23477] [ 3] /home/s19026416/parall/assignments/second/sort() [0x4090a9]
[compute-0-4:23477] *** End of error message ***
[compute-0-4:23480] *** Process received signal ***
[compute-0-4:23480] Signal: Segmentation fault (11)
[compute-0-4:23480] Signal code: Address not mapped (1)
[compute-0-4:23480] Failing at address: 0x2ae45ef6f000
[compute-0-4:23480] [ 0] /lib64/libpthread.so.0() [0x3b20c0f710]
[compute-0-4:23480] [ 1] /home/s19026416/parall/assignments/second/sort(main+0x24c) [0x4094ba]
[compute-0-4:23480] [ 2] /lib64/libc.so.6(__libc_start_main+0xfd) [0x3b2041ed5d]
[compute-0-4:23480] [ 3] /home/s19026416/parall/assignments/second/sort() [0x4090a9]
[compute-0-4:23480] *** End of error message ***
[compute-0-4:23482] *** Process received signal ***
[compute-0-4:23482] Signal: Segmentation fault (11)
[compute-0-4:23482] Signal code: Address not mapped (1)
[compute-0-4:23482] Failing at address: 0x2b8690191000
[compute-0-4:23482] [ 0] /lib64/libpthread.so.0() [0x3b20c0f710]
[compute-0-4:23482] [ 1] /home/s19026416/parall/assignments/second/sort(main+0x24c) [0x4094ba]
[compute-0-4:23482] [ 2] /lib64/libc.so.6(__libc_start_main+0xfd) [0x3b2041ed5d]
[compute-0-4:23482] [ 3] /home/s19026416/parall/assignments/second/sort() [0x4090a9]
[compute-0-4:23482] *** End of error message ***
--------------------------------------------------------------------------
mpiexec noticed that process rank 5 with PID 23481 on node compute-0-4.local exited on signal 11 (Segmentation fault).
--------------------------------------------------------------------------
2 total processes killed (some possibly by mpiexec during cleanup)
this is p5-8 --------------------
Generating 3200000 numbers to be sorted on 40 processors
sum=51165957267811.203125, sorted=1
total time: 1.527842, parallel time: 0.039671
The sorted data array from 1.000001 to 31999994.000000
